{"devicePlatform":"","logFolder":"C:\\Users\\21529\\Katalon Studio\\First sample\\Reports\\Add user role\\20180209_102108","runData":{"hostName":"21529 - ws-3591.oasup.pnppk.ru","os":"Windows 7 64bit","katalonVersion":"5.3.0.1","browser":"Chrome 63.0.3239.132","hostAddress":"192.168.14.114","sessionId":"24385b35dacbef332db744839c144d09","seleniumVersion":"3.7.1","proxyInformation":"ProxyInformation{proxyOption\u003dNO_PROXY, proxyServerType\u003dHTTP, password\u003d, proxyServerAddress\u003d, proxyServerPort\u003d0}","platform":"Windows 7"},"type":"TEST_SUITE","name":"Add user role","id":"Test Suites/Add user role","source":"","message":"Test Cases/Add_User_Role FAILED because (of) Unable to wait for object \u0027Object Repository/Users/span_Users\u0027 to be present (Root cause: org.openqa.selenium.UnhandledAlertException: unexpected alert open: {Alert text : internal server error}\n  (Session info: chrome\u003d63.0.3239.132)\n  (Driver info: chromedriver\u003d2.35.528161 (5b82f2d2aae0ca24b877009200ced9065a772e73),platform\u003dWindows NT 6.1.7601 SP1 x86_64) (WARNING: The server did not provide any stacktrace information)\nCommand duration or timeout: 0 milliseconds: null\nBuild info: version: \u00273.7.1\u0027, revision: \u00278a0099a\u0027, time: \u00272017-11-06T21:07:36.161Z\u0027\nSystem info: host: \u0027WS-3591\u0027, ip: \u0027192.168.14.114\u0027, os.name: \u0027Windows 7\u0027, os.arch: \u0027amd64\u0027, os.version: \u00276.1\u0027, java.version: \u00271.8.0_102\u0027\nDriver info: com.kms.katalon.selenium.driver.CChromeDriver\nCapabilities {acceptInsecureCerts: false, acceptSslCerts: false, applicationCacheEnabled: false, browserConnectionEnabled: false, browserName: chrome, chrome: {chromedriverVersion: 2.35.528161 (5b82f2d2aae0ca..., userDataDir: C:\\Users\\21529\\AppData\\Loca...}, cssSelectorsEnabled: true, databaseEnabled: false, handlesAlerts: true, hasTouchScreen: false, javascriptEnabled: true, locationContextEnabled: true, mobileEmulationEnabled: false, nativeEvents: true, networkConnectionEnabled: false, pageLoadStrategy: normal, platform: XP, platformName: XP, rotatable: false, setWindowRect: true, takesHeapSnapshot: true, takesScreenshot: true, unexpectedAlertBehaviour: , unhandledPromptBehavior: , version: 63.0.3239.132, webStorageEnabled: true}\nSession ID: 24385b35dacbef332db744839c144d09\n*** Element info: {Using\u003dxpath, value\u003did(\"angular-root-control\")/div[@class\u003d\"ng-scope\"]/div[@class\u003d\"primary-sidebar-admin ng-scope\"]/ul[@class\u003d\"nav nav-stacked\"]/li[@class\u003d\"dark-nav\"]/a[1]/span[@class\u003d\"ng-binding\"][count(. | //span[(text() \u003d \u0027Пользователи\u0027 or . \u003d \u0027Пользователи\u0027)]) \u003d count(//span[(text() \u003d \u0027Пользователи\u0027 or . \u003d \u0027Пользователи\u0027)])]})","description":"","startTime":1518153669261,"endTime":1518153678968,"childRecords":[{"isOptional":false,"type":"TEST_CASE","name":"Test Cases/Authorization_Admin","id":"Test Cases/Authorization_Admin","source":"C:\\\\Users\\\\21529\\\\Katalon Studio\\\\First sample\\\\Test Cases\\\\Authorization_Admin.tc","message":"Test Cases/Authorization_Admin","description":"","startTime":1518153669469,"endTime":1518153677529,"childRecords":[{"testStatus":{"stackTrace":"","statusValue":"INFO"},"type":"MESSAGE","name":"","message":"Evaluating variables for test case","startTime":1518153669485,"endTime":0,"childRecords":[],"interuppted":false},{"index":1,"isIgnoredIfFailed":false,"type":"TEST_STEP","name":"openBrowser","message":"Browser is opened with url: \u0027http://vszokdb2:55555/#/login\u0027","description":"","startTime":1518153669643,"endTime":1518153675804,"childRecords":[{"testStatus":{"stackTrace":"","statusValue":"PASSED"},"type":"MESSAGE","name":"","message":"Browser is opened with url: \u0027http://vszokdb2:55555/#/login\u0027","startTime":1518153675803,"endTime":0,"childRecords":[],"interuppted":false}],"interuppted":false},{"index":2,"isIgnoredIfFailed":false,"type":"TEST_STEP","name":"maximizeWindow","message":"Current window maximized","description":"","startTime":1518153675804,"endTime":1518153677207,"childRecords":[{"testStatus":{"stackTrace":"","statusValue":"PASSED"},"type":"MESSAGE","name":"","message":"Current window maximized","startTime":1518153677207,"endTime":0,"childRecords":[],"interuppted":false}],"interuppted":false},{"index":3,"isIgnoredIfFailed":false,"type":"TEST_STEP","name":"waitForElementPresent","message":"Object \u0027Object Repository/Authorization/input_login\u0027 is present","description":"","startTime":1518153677207,"endTime":1518153677242,"childRecords":[{"testStatus":{"stackTrace":"","statusValue":"PASSED"},"type":"MESSAGE","name":"","message":"Object \u0027Object Repository/Authorization/input_login\u0027 is present","startTime":1518153677242,"endTime":0,"childRecords":[],"interuppted":false}],"interuppted":false},{"index":4,"isIgnoredIfFailed":false,"type":"TEST_STEP","name":"setText","message":"Text \u0027777\u0027 is set on object \u0027Object Repository/Authorization/input_login\u0027","description":"","startTime":1518153677243,"endTime":1518153677338,"childRecords":[{"testStatus":{"stackTrace":"","statusValue":"PASSED"},"type":"MESSAGE","name":"","message":"Text \u0027777\u0027 is set on object \u0027Object Repository/Authorization/input_login\u0027","startTime":1518153677338,"endTime":0,"childRecords":[],"interuppted":false}],"interuppted":false},{"index":5,"isIgnoredIfFailed":false,"type":"TEST_STEP","name":"setText","message":"Text \u00277p15j9w2a\u0027 is set on object \u0027Object Repository/Authorization/input_password\u0027","description":"","startTime":1518153677338,"endTime":1518153677432,"childRecords":[{"testStatus":{"stackTrace":"","statusValue":"PASSED"},"type":"MESSAGE","name":"","message":"Text \u00277p15j9w2a\u0027 is set on object \u0027Object Repository/Authorization/input_password\u0027","startTime":1518153677431,"endTime":0,"childRecords":[],"interuppted":false}],"interuppted":false},{"index":6,"isIgnoredIfFailed":false,"type":"TEST_STEP","name":"click","message":"Object: \u0027Object Repository/Authorization/btn_login\u0027 is clicked on","description":"","startTime":1518153677432,"endTime":1518153677528,"childRecords":[{"testStatus":{"stackTrace":"","statusValue":"PASSED"},"type":"MESSAGE","name":"","message":"Object: \u0027Object Repository/Authorization/btn_login\u0027 is clicked on","startTime":1518153677527,"endTime":0,"childRecords":[],"interuppted":false}],"interuppted":false},{"testStatus":{"stackTrace":"","statusValue":"PASSED"},"type":"MESSAGE","name":"","message":"Test Cases/Authorization_Admin","startTime":1518153677528,"endTime":0,"childRecords":[],"interuppted":false}],"interuppted":false},{"isOptional":false,"type":"TEST_CASE","name":"Test Cases/Add_User_Role","id":"Test Cases/Add_User_Role","source":"C:\\\\Users\\\\21529\\\\Katalon Studio\\\\First sample\\\\Test Cases\\\\Add_User_Role.tc","message":"Test Cases/Add_User_Role FAILED because (of) Unable to wait for object \u0027Object Repository/Users/span_Users\u0027 to be present (Root cause: org.openqa.selenium.UnhandledAlertException: unexpected alert open: {Alert text : internal server error}\n  (Session info: chrome\u003d63.0.3239.132)\n  (Driver info: chromedriver\u003d2.35.528161 (5b82f2d2aae0ca24b877009200ced9065a772e73),platform\u003dWindows NT 6.1.7601 SP1 x86_64) (WARNING: The server did not provide any stacktrace information)\nCommand duration or timeout: 0 milliseconds: null\nBuild info: version: \u00273.7.1\u0027, revision: \u00278a0099a\u0027, time: \u00272017-11-06T21:07:36.161Z\u0027\nSystem info: host: \u0027WS-3591\u0027, ip: \u0027192.168.14.114\u0027, os.name: \u0027Windows 7\u0027, os.arch: \u0027amd64\u0027, os.version: \u00276.1\u0027, java.version: \u00271.8.0_102\u0027\nDriver info: com.kms.katalon.selenium.driver.CChromeDriver\nCapabilities {acceptInsecureCerts: false, acceptSslCerts: false, applicationCacheEnabled: false, browserConnectionEnabled: false, browserName: chrome, chrome: {chromedriverVersion: 2.35.528161 (5b82f2d2aae0ca..., userDataDir: C:\\Users\\21529\\AppData\\Loca...}, cssSelectorsEnabled: true, databaseEnabled: false, handlesAlerts: true, hasTouchScreen: false, javascriptEnabled: true, locationContextEnabled: true, mobileEmulationEnabled: false, nativeEvents: true, networkConnectionEnabled: false, pageLoadStrategy: normal, platform: XP, platformName: XP, rotatable: false, setWindowRect: true, takesHeapSnapshot: true, takesScreenshot: true, unexpectedAlertBehaviour: , unhandledPromptBehavior: , version: 63.0.3239.132, webStorageEnabled: true}\nSession ID: 24385b35dacbef332db744839c144d09\n*** Element info: {Using\u003dxpath, value\u003did(\"angular-root-control\")/div[@class\u003d\"ng-scope\"]/div[@class\u003d\"primary-sidebar-admin ng-scope\"]/ul[@class\u003d\"nav nav-stacked\"]/li[@class\u003d\"dark-nav\"]/a[1]/span[@class\u003d\"ng-binding\"][count(. | //span[(text() \u003d \u0027Пользователи\u0027 or . \u003d \u0027Пользователи\u0027)]) \u003d count(//span[(text() \u003d \u0027Пользователи\u0027 or . \u003d \u0027Пользователи\u0027)])]})","description":"","startTime":1518153677531,"endTime":1518153678235,"childRecords":[{"testStatus":{"stackTrace":"","statusValue":"INFO"},"type":"MESSAGE","name":"","message":"Evaluating variables for test case","startTime":1518153677540,"endTime":0,"childRecords":[],"interuppted":false},{"index":1,"isIgnoredIfFailed":false,"type":"TEST_STEP","name":"navigateToUrl","message":"Navigate to \u0027http://vszokdb2:55555/#/admin/data/hierarchy\u0027 successfully","description":"","startTime":1518153677683,"endTime":1518153678191,"childRecords":[{"testStatus":{"stackTrace":"","statusValue":"PASSED"},"type":"MESSAGE","name":"","message":"Navigate to \u0027http://vszokdb2:55555/#/admin/data/hierarchy\u0027 successfully","startTime":1518153678191,"endTime":0,"childRecords":[],"interuppted":false}],"interuppted":false},{"index":2,"isIgnoredIfFailed":false,"type":"TEST_STEP","name":"waitForElementPresent","message":"Unable to wait for object \u0027Object Repository/Users/span_Users\u0027 to be present (Root cause: org.openqa.selenium.UnhandledAlertException: unexpected alert open: {Alert text : internal server error}\n  (Session info: chrome\u003d63.0.3239.132)\n  (Driver info: chromedriver\u003d2.35.528161 (5b82f2d2aae0ca24b877009200ced9065a772e73),platform\u003dWindows NT 6.1.7601 SP1 x86_64) (WARNING: The server did not provide any stacktrace information)\nCommand duration or timeout: 0 milliseconds: null\nBuild info: version: \u00273.7.1\u0027, revision: \u00278a0099a\u0027, time: \u00272017-11-06T21:07:36.161Z\u0027\nSystem info: host: \u0027WS-3591\u0027, ip: \u0027192.168.14.114\u0027, os.name: \u0027Windows 7\u0027, os.arch: \u0027amd64\u0027, os.version: \u00276.1\u0027, java.version: \u00271.8.0_102\u0027\nDriver info: com.kms.katalon.selenium.driver.CChromeDriver\nCapabilities {acceptInsecureCerts: false, acceptSslCerts: false, applicationCacheEnabled: false, browserConnectionEnabled: false, browserName: chrome, chrome: {chromedriverVersion: 2.35.528161 (5b82f2d2aae0ca..., userDataDir: C:\\Users\\21529\\AppData\\Loca...}, cssSelectorsEnabled: true, databaseEnabled: false, handlesAlerts: true, hasTouchScreen: false, javascriptEnabled: true, locationContextEnabled: true, mobileEmulationEnabled: false, nativeEvents: true, networkConnectionEnabled: false, pageLoadStrategy: normal, platform: XP, platformName: XP, rotatable: false, setWindowRect: true, takesHeapSnapshot: true, takesScreenshot: true, unexpectedAlertBehaviour: , unhandledPromptBehavior: , version: 63.0.3239.132, webStorageEnabled: true}\nSession ID: 24385b35dacbef332db744839c144d09\n*** Element info: {Using\u003dxpath, value\u003did(\"angular-root-control\")/div[@class\u003d\"ng-scope\"]/div[@class\u003d\"primary-sidebar-admin ng-scope\"]/ul[@class\u003d\"nav nav-stacked\"]/li[@class\u003d\"dark-nav\"]/a[1]/span[@class\u003d\"ng-binding\"][count(. | //span[(text() \u003d \u0027Пользователи\u0027 or . \u003d \u0027Пользователи\u0027)]) \u003d count(//span[(text() \u003d \u0027Пользователи\u0027 or . \u003d \u0027Пользователи\u0027)])]})","description":"","startTime":1518153678192,"endTime":1518153678229,"childRecords":[{"testStatus":{"stackTrace":"","statusValue":"WARNING"},"type":"MESSAGE","name":"","message":"Cannot take screenshot","startTime":1518153678224,"endTime":0,"childRecords":[],"interuppted":false},{"testStatus":{"stackTrace":"","statusValue":"FAILED"},"type":"MESSAGE","name":"","message":"Unable to wait for object \u0027Object Repository/Users/span_Users\u0027 to be present (Root cause: org.openqa.selenium.UnhandledAlertException: unexpected alert open: {Alert text : internal server error}\n  (Session info: chrome\u003d63.0.3239.132)\n  (Driver info: chromedriver\u003d2.35.528161 (5b82f2d2aae0ca24b877009200ced9065a772e73),platform\u003dWindows NT 6.1.7601 SP1 x86_64) (WARNING: The server did not provide any stacktrace information)\nCommand duration or timeout: 0 milliseconds: null\nBuild info: version: \u00273.7.1\u0027, revision: \u00278a0099a\u0027, time: \u00272017-11-06T21:07:36.161Z\u0027\nSystem info: host: \u0027WS-3591\u0027, ip: \u0027192.168.14.114\u0027, os.name: \u0027Windows 7\u0027, os.arch: \u0027amd64\u0027, os.version: \u00276.1\u0027, java.version: \u00271.8.0_102\u0027\nDriver info: com.kms.katalon.selenium.driver.CChromeDriver\nCapabilities {acceptInsecureCerts: false, acceptSslCerts: false, applicationCacheEnabled: false, browserConnectionEnabled: false, browserName: chrome, chrome: {chromedriverVersion: 2.35.528161 (5b82f2d2aae0ca..., userDataDir: C:\\Users\\21529\\AppData\\Loca...}, cssSelectorsEnabled: true, databaseEnabled: false, handlesAlerts: true, hasTouchScreen: false, javascriptEnabled: true, locationContextEnabled: true, mobileEmulationEnabled: false, nativeEvents: true, networkConnectionEnabled: false, pageLoadStrategy: normal, platform: XP, platformName: XP, rotatable: false, setWindowRect: true, takesHeapSnapshot: true, takesScreenshot: true, unexpectedAlertBehaviour: , unhandledPromptBehavior: , version: 63.0.3239.132, webStorageEnabled: true}\nSession ID: 24385b35dacbef332db744839c144d09\n*** Element info: {Using\u003dxpath, value\u003did(\"angular-root-control\")/div[@class\u003d\"ng-scope\"]/div[@class\u003d\"primary-sidebar-admin ng-scope\"]/ul[@class\u003d\"nav nav-stacked\"]/li[@class\u003d\"dark-nav\"]/a[1]/span[@class\u003d\"ng-binding\"][count(. | //span[(text() \u003d \u0027Пользователи\u0027 or . \u003d \u0027Пользователи\u0027)]) \u003d count(//span[(text() \u003d \u0027Пользователи\u0027 or . \u003d \u0027Пользователи\u0027)])]})","startTime":1518153678228,"endTime":0,"childRecords":[],"interuppted":false}],"interuppted":false},{"testStatus":{"stackTrace":"","statusValue":"FAILED"},"type":"MESSAGE","name":"","message":"Test Cases/Add_User_Role FAILED because (of) Unable to wait for object \u0027Object Repository/Users/span_Users\u0027 to be present (Root cause: org.openqa.selenium.UnhandledAlertException: unexpected alert open: {Alert text : internal server error}\n  (Session info: chrome\u003d63.0.3239.132)\n  (Driver info: chromedriver\u003d2.35.528161 (5b82f2d2aae0ca24b877009200ced9065a772e73),platform\u003dWindows NT 6.1.7601 SP1 x86_64) (WARNING: The server did not provide any stacktrace information)\nCommand duration or timeout: 0 milliseconds: null\nBuild info: version: \u00273.7.1\u0027, revision: \u00278a0099a\u0027, time: \u00272017-11-06T21:07:36.161Z\u0027\nSystem info: host: \u0027WS-3591\u0027, ip: \u0027192.168.14.114\u0027, os.name: \u0027Windows 7\u0027, os.arch: \u0027amd64\u0027, os.version: \u00276.1\u0027, java.version: \u00271.8.0_102\u0027\nDriver info: com.kms.katalon.selenium.driver.CChromeDriver\nCapabilities {acceptInsecureCerts: false, acceptSslCerts: false, applicationCacheEnabled: false, browserConnectionEnabled: false, browserName: chrome, chrome: {chromedriverVersion: 2.35.528161 (5b82f2d2aae0ca..., userDataDir: C:\\Users\\21529\\AppData\\Loca...}, cssSelectorsEnabled: true, databaseEnabled: false, handlesAlerts: true, hasTouchScreen: false, javascriptEnabled: true, locationContextEnabled: true, mobileEmulationEnabled: false, nativeEvents: true, networkConnectionEnabled: false, pageLoadStrategy: normal, platform: XP, platformName: XP, rotatable: false, setWindowRect: true, takesHeapSnapshot: true, takesScreenshot: true, unexpectedAlertBehaviour: , unhandledPromptBehavior: , version: 63.0.3239.132, webStorageEnabled: true}\nSession ID: 24385b35dacbef332db744839c144d09\n*** Element info: {Using\u003dxpath, value\u003did(\"angular-root-control\")/div[@class\u003d\"ng-scope\"]/div[@class\u003d\"primary-sidebar-admin ng-scope\"]/ul[@class\u003d\"nav nav-stacked\"]/li[@class\u003d\"dark-nav\"]/a[1]/span[@class\u003d\"ng-binding\"][count(. | //span[(text() \u003d \u0027Пользователи\u0027 or . \u003d \u0027Пользователи\u0027)]) \u003d count(//span[(text() \u003d \u0027Пользователи\u0027 or . \u003d \u0027Пользователи\u0027)])]})","startTime":1518153678229,"endTime":0,"childRecords":[],"interuppted":false}],"interuppted":false}],"interuppted":false}